빌드 시작: 2016-02-12 오전 11:33:19
     1>2 노드의 "D:\source CODE\Visual Studio 2010\2_Shamir's_Secret_Sharing_Multi\SS_Coefficient_GF\SS_Coefficient_GF\SS_Coefficient_GF.vcxproj" 프로젝트(build 대상)입니다.
     1>InitializeBuildStatus:
         "AlwaysCreate"이(가) 지정되었기 때문에 "Debug\SS_Coefficient_GF.unsuccessfulbuild"을(를) 만들고 있습니다.
       ClCompile:
         C:\Program Files\Microsoft Visual Studio 10.0\VC\bin\CL.exe /c /ZI /nologo /W3 /WX- /Od /Oy- /D WIN32 /D _DEBUG /D _CONSOLE /D _UNICODE /D UNICODE /Gm /EHsc /RTC1 /MDd /GS /fp:precise /Zc:wchar_t /Zc:forScope /Fo"Debug\\" /Fd"Debug\vc100.pdb" /Gd /TP /analyze- /errorReport:prompt ss_coefficient.cpp
         건너뛰고 있습니다... (관련된 변경 내용 없음)
         ss_coefficient.cpp
       ManifestResourceCompile:
         모든 출력이 최신 상태입니다.
       Link:
         C:\Program Files\Microsoft Visual Studio 10.0\VC\bin\link.exe /ERRORREPORT:PROMPT /OUT:"D:\source CODE\Visual Studio 2010\2_Shamir's_Secret_Sharing_Multi\SS_Coefficient_GF\Debug\SS_Coefficient_GF.exe" /INCREMENTAL /NOLOGO kernel32.lib user32.lib gdi32.lib winspool.lib comdlg32.lib advapi32.lib shell32.lib ole32.lib oleaut32.lib uuid.lib odbc32.lib odbccp32.lib /MANIFEST /ManifestFile:"Debug\SS_Coefficient_GF.exe.intermediate.manifest" /MANIFESTUAC:"level='asInvoker' uiAccess='false'" /DEBUG /PDB:"D:\source CODE\Visual Studio 2010\2_Shamir's_Secret_Sharing_Multi\SS_Coefficient_GF\Debug\SS_Coefficient_GF.pdb" /SUBSYSTEM:CONSOLE /TLBID:1 /DYNAMICBASE /NXCOMPAT /IMPLIB:"D:\source CODE\Visual Studio 2010\2_Shamir's_Secret_Sharing_Multi\SS_Coefficient_GF\Debug\SS_Coefficient_GF.lib" /MACHINE:X86 Debug\SS_Coefficient_GF.exe.embed.manifest.res
         Debug\GFfunction.obj
         Debug\ss_coefficient.obj
       Manifest:
         C:\Program Files\Microsoft SDKs\Windows\v7.0A\bin\mt.exe /nologo /verbose /out:"Debug\SS_Coefficient_GF.exe.embed.manifest" /manifest Debug\SS_Coefficient_GF.exe.intermediate.manifest
         모든 출력이 최신 상태입니다.
       LinkEmbedManifest:
         모든 출력이 최신 상태입니다.
         SS_Coefficient_GF.vcxproj -> D:\source CODE\Visual Studio 2010\2_Shamir's_Secret_Sharing_Multi\SS_Coefficient_GF\Debug\SS_Coefficient_GF.exe
       FinalizeBuildStatus:
         "Debug\SS_Coefficient_GF.unsuccessfulbuild" 파일을 삭제하고 있습니다.
         "Debug\SS_Coefficient_GF.lastbuildstate"에 연결(touching)하고 있습니다.
     1>"D:\source CODE\Visual Studio 2010\2_Shamir's_Secret_Sharing_Multi\SS_Coefficient_GF\SS_Coefficient_GF\SS_Coefficient_GF.vcxproj" 프로젝트를 빌드했습니다(build 대상).

빌드했습니다.

경과 시간: 00:00:00.37
