D:\Source Code\Visual Studio 2010\SS_Coefficient_GF\Debug\SS_Coefficient_GF.pdb
D:\Source Code\Visual Studio 2010\SS_Coefficient_GF\SS_Coefficient_GF\Debug\cl.command.1.tlog
D:\Source Code\Visual Studio 2010\SS_Coefficient_GF\SS_Coefficient_GF\Debug\CL.read.1.tlog
D:\Source Code\Visual Studio 2010\SS_Coefficient_GF\SS_Coefficient_GF\Debug\CL.write.1.tlog
D:\SOURCE CODE\VISUAL STUDIO 2010\SS_COEFFICIENT_GF\SS_COEFFICIENT_GF\DEBUG\GFFUNCTION.OBJ
D:\Source Code\Visual Studio 2010\SS_Coefficient_GF\SS_Coefficient_GF\Debug\link.command.1.tlog
D:\Source Code\Visual Studio 2010\SS_Coefficient_GF\SS_Coefficient_GF\Debug\link.read.1.tlog
D:\Source Code\Visual Studio 2010\SS_Coefficient_GF\SS_Coefficient_GF\Debug\link.write.1.tlog
D:\Source Code\Visual Studio 2010\SS_Coefficient_GF\SS_Coefficient_GF\Debug\link-cvtres.read.1.tlog
D:\Source Code\Visual Studio 2010\SS_Coefficient_GF\SS_Coefficient_GF\Debug\link-cvtres.write.1.tlog
D:\Source Code\Visual Studio 2010\SS_Coefficient_GF\SS_Coefficient_GF\Debug\rc.command.1.tlog
D:\Source Code\Visual Studio 2010\SS_Coefficient_GF\SS_Coefficient_GF\Debug\rc.read.1.tlog
D:\Source Code\Visual Studio 2010\SS_Coefficient_GF\SS_Coefficient_GF\Debug\rc.write.1.tlog
D:\SOURCE CODE\VISUAL STUDIO 2010\SS_COEFFICIENT_GF\SS_COEFFICIENT_GF\DEBUG\SS_COEFFICIENT.OBJ
D:\Source Code\Visual Studio 2010\SS_Coefficient_GF\SS_Coefficient_GF\Debug\SS_Coefficient_GF.exe.embed.manifest
D:\SOURCE CODE\VISUAL STUDIO 2010\SS_COEFFICIENT_GF\SS_COEFFICIENT_GF\DEBUG\SS_COEFFICIENT_GF.EXE.EMBED.MANIFEST.RES
D:\Source Code\Visual Studio 2010\SS_Coefficient_GF\SS_Coefficient_GF\Debug\SS_Coefficient_GF.exe.intermediate.manifest
D:\Source Code\Visual Studio 2010\SS_Coefficient_GF\SS_Coefficient_GF\Debug\SS_Coefficient_GF.write.1.tlog
D:\Source Code\Visual Studio 2010\SS_Coefficient_GF\SS_Coefficient_GF\Debug\SS_Coefficient_GF_manifest.rc
D:\Source Code\Visual Studio 2010\SS_Coefficient_GF\SS_Coefficient_GF\Debug\vc100.idb
D:\SOURCE CODE\VISUAL STUDIO 2010\SS_COEFFICIENT_GF\SS_COEFFICIENT_GF\DEBUG\VC100.PDB
